2020-09-04 20:53:28.027 [main] INFO  com.hoki.MemberServer - No active profile set, falling back to default profiles: default
2020-09-04 20:53:31.011 [main] INFO  org.apache.catalina.core.StandardService - Starting service Tomcat
2020-09-04 20:53:31.012 [main] INFO  org.apache.catalina.core.StandardEngine - Starting Servlet Engine: Apache Tomcat/8.5.14
2020-09-04 20:53:31.244 [localhost-startStop-1] INFO  org.apache.catalina.core.ContainerBase.[Tomcat].[localhost].[/] - Initializing Spring embedded WebApplicationContext
2020-09-04 20:53:32.330 [main] WARN  org.springframework.boot.context.embedded.AnnotationConfigEmbeddedWebApplicationContext - Exception encountered during context initialization - cancelling refresh attempt: org.springframework.beans.factory.UnsatisfiedDependencyException: Error creating bean with name 'userServiceImpl' defined in file [F:\ideaProject\hoki-shop-parent\hoki-shop-member\target\classes\com\hoki\api\service\impl\UserServiceImpl.class]: Unsatisfied dependency expressed through constructor parameter 0; nested exception is org.springframework.beans.factory.UnsatisfiedDependencyException: Error creating bean with name 'userServiceManageImpl' defined in file [F:\ideaProject\hoki-shop-parent\hoki-shop-member\target\classes\com\hoki\manage\impl\UserServiceManageImpl.class]: Unsatisfied dependency expressed through constructor parameter 0; nested exception is org.springframework.beans.factory.NoSuchBeanDefinitionException: No qualifying bean of type 'com.hoki.dao.UserDao' available: expected at least 1 bean which qualifies as autowire candidate. Dependency annotations: {}
2020-09-04 20:53:32.339 [main] INFO  org.apache.catalina.core.StandardService - Stopping service Tomcat
2020-09-04 20:53:33.374 [main] ERROR org.springframework.boot.diagnostics.LoggingFailureAnalysisReporter - 

***************************
APPLICATION FAILED TO START
***************************

Description:

Parameter 0 of constructor in com.hoki.manage.impl.UserServiceManageImpl required a bean of type 'com.hoki.dao.UserDao' that could not be found.


Action:

Consider defining a bean of type 'com.hoki.dao.UserDao' in your configuration.

2020-09-04 20:54:24.927 [main] INFO  com.hoki.MemberServer - No active profile set, falling back to default profiles: default
2020-09-04 20:54:25.984 [main] ERROR org.springframework.boot.SpringApplication - Application startup failed
java.lang.IllegalArgumentException: At least one base package must be specified
	at org.springframework.util.Assert.notEmpty(Assert.java:228)
	at org.springframework.context.annotation.ClassPathBeanDefinitionScanner.doScan(ClassPathBeanDefinitionScanner.java:269)
	at org.mybatis.spring.mapper.ClassPathMapperScanner.doScan(ClassPathMapperScanner.java:163)
	at org.mybatis.spring.annotation.MapperScannerRegistrar.registerBeanDefinitions(MapperScannerRegistrar.java:104)
	at org.springframework.context.annotation.ConfigurationClassBeanDefinitionReader.loadBeanDefinitionsFromRegistrars(ConfigurationClassBeanDefinitionReader.java:354)
	at org.springframework.context.annotation.ConfigurationClassBeanDefinitionReader.loadBeanDefinitionsForConfigurationClass(ConfigurationClassBeanDefinitionReader.java:143)
	at org.springframework.context.annotation.ConfigurationClassBeanDefinitionReader.loadBeanDefinitions(ConfigurationClassBeanDefinitionReader.java:116)
	at org.springframework.context.annotation.ConfigurationClassPostProcessor.processConfigBeanDefinitions(ConfigurationClassPostProcessor.java:320)
	at org.springframework.context.annotation.ConfigurationClassPostProcessor.postProcessBeanDefinitionRegistry(ConfigurationClassPostProcessor.java:228)
	at org.springframework.context.support.PostProcessorRegistrationDelegate.invokeBeanDefinitionRegistryPostProcessors(PostProcessorRegistrationDelegate.java:270)
	at org.springframework.context.support.PostProcessorRegistrationDelegate.invokeBeanFactoryPostProcessors(PostProcessorRegistrationDelegate.java:93)
	at org.springframework.context.support.AbstractApplicationContext.invokeBeanFactoryPostProcessors(AbstractApplicationContext.java:686)
	at org.springframework.context.support.AbstractApplicationContext.refresh(AbstractApplicationContext.java:524)
	at org.springframework.boot.context.embedded.EmbeddedWebApplicationContext.refresh(EmbeddedWebApplicationContext.java:122)
	at org.springframework.boot.SpringApplication.refresh(SpringApplication.java:737)
	at org.springframework.boot.SpringApplication.refreshContext(SpringApplication.java:370)
	at org.springframework.boot.SpringApplication.run(SpringApplication.java:314)
	at org.springframework.boot.SpringApplication.run(SpringApplication.java:1162)
	at org.springframework.boot.SpringApplication.run(SpringApplication.java:1151)
	at com.hoki.MemberServer.main(MemberServer.java:21)
2020-09-04 20:54:25.984 [main] WARN  org.springframework.boot.context.embedded.AnnotationConfigEmbeddedWebApplicationContext - Exception thrown from LifecycleProcessor on context close
java.lang.IllegalStateException: LifecycleProcessor not initialized - call 'refresh' before invoking lifecycle methods via the context: org.springframework.boot.context.embedded.AnnotationConfigEmbeddedWebApplicationContext@75f65e45: startup date [Fri Sep 04 20:54:24 CST 2020]; parent: org.springframework.context.annotation.AnnotationConfigApplicationContext@49e5f737
	at org.springframework.context.support.AbstractApplicationContext.getLifecycleProcessor(AbstractApplicationContext.java:417)
	at org.springframework.context.support.AbstractApplicationContext.doClose(AbstractApplicationContext.java:1002)
	at org.springframework.context.support.AbstractApplicationContext.close(AbstractApplicationContext.java:961)
	at org.springframework.boot.SpringApplication.handleRunFailure(SpringApplication.java:794)
	at org.springframework.boot.SpringApplication.run(SpringApplication.java:325)
	at org.springframework.boot.SpringApplication.run(SpringApplication.java:1162)
	at org.springframework.boot.SpringApplication.run(SpringApplication.java:1151)
	at com.hoki.MemberServer.main(MemberServer.java:21)
2020-09-04 20:54:25.984 [main] ERROR org.springframework.beans.factory.support.DefaultListableBeanFactory - Destroy method on bean with name 'org.springframework.boot.autoconfigure.internalCachingMetadataReaderFactory' threw an exception
java.lang.IllegalStateException: ApplicationEventMulticaster not initialized - call 'refresh' before multicasting events via the context: org.springframework.boot.context.embedded.AnnotationConfigEmbeddedWebApplicationContext@75f65e45: startup date [Fri Sep 04 20:54:24 CST 2020]; parent: org.springframework.context.annotation.AnnotationConfigApplicationContext@49e5f737
	at org.springframework.context.support.AbstractApplicationContext.getApplicationEventMulticaster(AbstractApplicationContext.java:404)
	at org.springframework.context.support.ApplicationListenerDetector.postProcessBeforeDestruction(ApplicationListenerDetector.java:97)
	at org.springframework.beans.factory.support.DisposableBeanAdapter.destroy(DisposableBeanAdapter.java:253)
	at org.springframework.beans.factory.support.DefaultSingletonBeanRegistry.destroyBean(DefaultSingletonBeanRegistry.java:578)
	at org.springframework.beans.factory.support.DefaultSingletonBeanRegistry.destroySingleton(DefaultSingletonBeanRegistry.java:554)
	at org.springframework.beans.factory.support.DefaultListableBeanFactory.destroySingleton(DefaultListableBeanFactory.java:961)
	at org.springframework.beans.factory.support.DefaultSingletonBeanRegistry.destroySingletons(DefaultSingletonBeanRegistry.java:523)
	at org.springframework.beans.factory.support.DefaultListableBeanFactory.destroySingletons(DefaultListableBeanFactory.java:968)
	at org.springframework.context.support.AbstractApplicationContext.destroyBeans(AbstractApplicationContext.java:1033)
	at org.springframework.context.support.AbstractApplicationContext.doClose(AbstractApplicationContext.java:1009)
	at org.springframework.context.support.AbstractApplicationContext.close(AbstractApplicationContext.java:961)
	at org.springframework.boot.SpringApplication.handleRunFailure(SpringApplication.java:794)
	at org.springframework.boot.SpringApplication.run(SpringApplication.java:325)
	at org.springframework.boot.SpringApplication.run(SpringApplication.java:1162)
	at org.springframework.boot.SpringApplication.run(SpringApplication.java:1151)
	at com.hoki.MemberServer.main(MemberServer.java:21)
2020-09-04 20:59:40.318 [main] INFO  com.hoki.MemberServer - No active profile set, falling back to default profiles: default
2020-09-04 20:59:41.812 [main] WARN  org.mybatis.spring.mapper.ClassPathMapperScanner - No MyBatis mapper was found in '[com.hoki.dao.*]' package. Please check your configuration.
2020-09-04 20:59:43.631 [main] INFO  org.apache.catalina.core.StandardService - Starting service Tomcat
2020-09-04 20:59:43.631 [main] INFO  org.apache.catalina.core.StandardEngine - Starting Servlet Engine: Apache Tomcat/8.5.14
2020-09-04 20:59:43.920 [localhost-startStop-1] INFO  org.apache.catalina.core.ContainerBase.[Tomcat].[localhost].[/] - Initializing Spring embedded WebApplicationContext
2020-09-04 20:59:44.860 [main] WARN  org.springframework.boot.context.embedded.AnnotationConfigEmbeddedWebApplicationContext - Exception encountered during context initialization - cancelling refresh attempt: org.springframework.beans.factory.UnsatisfiedDependencyException: Error creating bean with name 'userServiceImpl' defined in file [F:\ideaProject\hoki-shop-parent\hoki-shop-member\target\classes\com\hoki\api\service\impl\UserServiceImpl.class]: Unsatisfied dependency expressed through constructor parameter 0; nested exception is org.springframework.beans.factory.UnsatisfiedDependencyException: Error creating bean with name 'userServiceManageImpl' defined in file [F:\ideaProject\hoki-shop-parent\hoki-shop-member\target\classes\com\hoki\manage\impl\UserServiceManageImpl.class]: Unsatisfied dependency expressed through constructor parameter 0; nested exception is org.springframework.beans.factory.NoSuchBeanDefinitionException: No qualifying bean of type 'com.hoki.dao.UserDao' available: expected at least 1 bean which qualifies as autowire candidate. Dependency annotations: {}
2020-09-04 20:59:44.865 [main] INFO  org.apache.catalina.core.StandardService - Stopping service Tomcat
2020-09-04 20:59:45.182 [main] ERROR org.springframework.boot.diagnostics.LoggingFailureAnalysisReporter - 

***************************
APPLICATION FAILED TO START
***************************

Description:

Parameter 0 of constructor in com.hoki.manage.impl.UserServiceManageImpl required a bean of type 'com.hoki.dao.UserDao' that could not be found.


Action:

Consider defining a bean of type 'com.hoki.dao.UserDao' in your configuration.

2020-09-04 21:00:41.748 [main] INFO  com.hoki.MemberServer - No active profile set, falling back to default profiles: default
2020-09-04 21:00:43.979 [main] INFO  org.apache.catalina.core.StandardService - Starting service Tomcat
2020-09-04 21:00:43.980 [main] INFO  org.apache.catalina.core.StandardEngine - Starting Servlet Engine: Apache Tomcat/8.5.14
2020-09-04 21:00:44.213 [localhost-startStop-1] INFO  org.apache.catalina.core.ContainerBase.[Tomcat].[localhost].[/] - Initializing Spring embedded WebApplicationContext
2020-09-04 21:00:45.002 [main] WARN  org.springframework.boot.context.embedded.AnnotationConfigEmbeddedWebApplicationContext - Exception encountered during context initialization - cancelling refresh attempt: org.springframework.beans.factory.UnsatisfiedDependencyException: Error creating bean with name 'userServiceImpl' defined in file [F:\ideaProject\hoki-shop-parent\hoki-shop-member\target\classes\com\hoki\api\service\impl\UserServiceImpl.class]: Unsatisfied dependency expressed through constructor parameter 0; nested exception is org.springframework.beans.factory.UnsatisfiedDependencyException: Error creating bean with name 'userServiceManageImpl' defined in file [F:\ideaProject\hoki-shop-parent\hoki-shop-member\target\classes\com\hoki\manage\impl\UserServiceManageImpl.class]: Unsatisfied dependency expressed through constructor parameter 0; nested exception is org.springframework.beans.factory.NoSuchBeanDefinitionException: No qualifying bean of type 'com.hoki.dao.UserDao' available: expected at least 1 bean which qualifies as autowire candidate. Dependency annotations: {}
2020-09-04 21:00:45.004 [main] INFO  org.apache.catalina.core.StandardService - Stopping service Tomcat
2020-09-04 21:00:45.228 [main] ERROR org.springframework.boot.diagnostics.LoggingFailureAnalysisReporter - 

***************************
APPLICATION FAILED TO START
***************************

Description:

Parameter 0 of constructor in com.hoki.manage.impl.UserServiceManageImpl required a bean of type 'com.hoki.dao.UserDao' that could not be found.


Action:

Consider defining a bean of type 'com.hoki.dao.UserDao' in your configuration.

2020-09-04 21:02:00.800 [main] INFO  com.hoki.MemberServer - No active profile set, falling back to default profiles: default
2020-09-04 21:02:02.321 [main] WARN  org.mybatis.spring.mapper.ClassPathMapperScanner - No MyBatis mapper was found in '[com.hoki.dao.*]' package. Please check your configuration.
2020-09-04 21:02:04.197 [main] INFO  org.apache.catalina.core.StandardService - Starting service Tomcat
2020-09-04 21:02:04.197 [main] INFO  org.apache.catalina.core.StandardEngine - Starting Servlet Engine: Apache Tomcat/8.5.14
2020-09-04 21:02:04.489 [localhost-startStop-1] INFO  org.apache.catalina.core.ContainerBase.[Tomcat].[localhost].[/] - Initializing Spring embedded WebApplicationContext
2020-09-04 21:02:05.453 [main] WARN  org.springframework.boot.context.embedded.AnnotationConfigEmbeddedWebApplicationContext - Exception encountered during context initialization - cancelling refresh attempt: org.springframework.beans.factory.UnsatisfiedDependencyException: Error creating bean with name 'userServiceImpl' defined in file [F:\ideaProject\hoki-shop-parent\hoki-shop-member\target\classes\com\hoki\api\service\impl\UserServiceImpl.class]: Unsatisfied dependency expressed through constructor parameter 0; nested exception is org.springframework.beans.factory.UnsatisfiedDependencyException: Error creating bean with name 'userServiceManageImpl': Unsatisfied dependency expressed through field 'userDao'; nested exception is org.springframework.beans.factory.NoSuchBeanDefinitionException: No qualifying bean of type 'com.hoki.dao.UserDao' available: expected at least 1 bean which qualifies as autowire candidate. Dependency annotations: {@org.springframework.beans.factory.annotation.Autowired(required=true)}
2020-09-04 21:02:05.457 [main] INFO  org.apache.catalina.core.StandardService - Stopping service Tomcat
2020-09-04 21:02:05.791 [main] ERROR org.springframework.boot.diagnostics.LoggingFailureAnalysisReporter - 

***************************
APPLICATION FAILED TO START
***************************

Description:

Field userDao in com.hoki.manage.impl.UserServiceManageImpl required a bean of type 'com.hoki.dao.UserDao' that could not be found.


Action:

Consider defining a bean of type 'com.hoki.dao.UserDao' in your configuration.

2020-09-04 21:40:29.280 [main] INFO  com.hoki.MemberServer - No active profile set, falling back to default profiles: default
2020-09-04 21:40:30.744 [main] WARN  org.mybatis.spring.mapper.ClassPathMapperScanner - No MyBatis mapper was found in '[com.hoki.dao.*]' package. Please check your configuration.
2020-09-04 21:40:32.725 [main] INFO  org.apache.catalina.core.StandardService - Starting service Tomcat
2020-09-04 21:40:32.725 [main] INFO  org.apache.catalina.core.StandardEngine - Starting Servlet Engine: Apache Tomcat/8.5.14
2020-09-04 21:40:33.031 [localhost-startStop-1] INFO  org.apache.catalina.core.ContainerBase.[Tomcat].[localhost].[/] - Initializing Spring embedded WebApplicationContext
2020-09-04 21:40:33.755 [main] WARN  org.springframework.boot.context.embedded.AnnotationConfigEmbeddedWebApplicationContext - Exception encountered during context initialization - cancelling refresh attempt: org.springframework.beans.factory.UnsatisfiedDependencyException: Error creating bean with name 'userServiceImpl' defined in file [F:\ideaProject\hoki-shop-parent\hoki-shop-member\target\classes\com\hoki\api\service\impl\UserServiceImpl.class]: Unsatisfied dependency expressed through constructor parameter 0; nested exception is org.springframework.beans.factory.UnsatisfiedDependencyException: Error creating bean with name 'userServiceManageImpl': Unsatisfied dependency expressed through field 'userDao'; nested exception is org.springframework.beans.factory.NoSuchBeanDefinitionException: No qualifying bean of type 'com.hoki.dao.UserDao' available: expected at least 1 bean which qualifies as autowire candidate. Dependency annotations: {@org.springframework.beans.factory.annotation.Autowired(required=true)}
2020-09-04 21:40:33.757 [main] INFO  org.apache.catalina.core.StandardService - Stopping service Tomcat
2020-09-04 21:40:34.043 [main] ERROR org.springframework.boot.diagnostics.LoggingFailureAnalysisReporter - 

***************************
APPLICATION FAILED TO START
***************************

Description:

Field userDao in com.hoki.manage.impl.UserServiceManageImpl required a bean of type 'com.hoki.dao.UserDao' that could not be found.


Action:

Consider defining a bean of type 'com.hoki.dao.UserDao' in your configuration.

2020-09-04 21:41:25.607 [main] INFO  com.hoki.MemberServer - No active profile set, falling back to default profiles: default
2020-09-04 21:41:27.348 [main] WARN  org.mybatis.spring.mapper.ClassPathMapperScanner - No MyBatis mapper was found in '[com.hoki.dao.*.Mapper]' package. Please check your configuration.
2020-09-04 21:41:28.744 [main] INFO  org.apache.catalina.core.StandardService - Starting service Tomcat
2020-09-04 21:41:28.745 [main] INFO  org.apache.catalina.core.StandardEngine - Starting Servlet Engine: Apache Tomcat/8.5.14
2020-09-04 21:41:28.924 [localhost-startStop-1] INFO  org.apache.catalina.core.ContainerBase.[Tomcat].[localhost].[/] - Initializing Spring embedded WebApplicationContext
2020-09-04 21:41:29.696 [main] WARN  org.springframework.boot.context.embedded.AnnotationConfigEmbeddedWebApplicationContext - Exception encountered during context initialization - cancelling refresh attempt: org.springframework.beans.factory.UnsatisfiedDependencyException: Error creating bean with name 'userServiceImpl' defined in file [F:\ideaProject\hoki-shop-parent\hoki-shop-member\target\classes\com\hoki\api\service\impl\UserServiceImpl.class]: Unsatisfied dependency expressed through constructor parameter 0; nested exception is org.springframework.beans.factory.UnsatisfiedDependencyException: Error creating bean with name 'userServiceManageImpl': Unsatisfied dependency expressed through field 'userDao'; nested exception is org.springframework.beans.factory.NoSuchBeanDefinitionException: No qualifying bean of type 'com.hoki.dao.UserDao' available: expected at least 1 bean which qualifies as autowire candidate. Dependency annotations: {@org.springframework.beans.factory.annotation.Autowired(required=true)}
2020-09-04 21:41:29.699 [main] INFO  org.apache.catalina.core.StandardService - Stopping service Tomcat
2020-09-04 21:41:29.913 [main] ERROR org.springframework.boot.diagnostics.LoggingFailureAnalysisReporter - 

***************************
APPLICATION FAILED TO START
***************************

Description:

Field userDao in com.hoki.manage.impl.UserServiceManageImpl required a bean of type 'com.hoki.dao.UserDao' that could not be found.


Action:

Consider defining a bean of type 'com.hoki.dao.UserDao' in your configuration.

2020-09-04 21:49:27.695 [main] INFO  com.hoki.MemberServer - No active profile set, falling back to default profiles: default
2020-09-04 21:49:31.163 [main] INFO  org.apache.catalina.core.StandardService - Starting service Tomcat
2020-09-04 21:49:31.163 [main] INFO  org.apache.catalina.core.StandardEngine - Starting Servlet Engine: Apache Tomcat/8.5.14
2020-09-04 21:49:31.356 [localhost-startStop-1] INFO  org.apache.catalina.core.ContainerBase.[Tomcat].[localhost].[/] - Initializing Spring embedded WebApplicationContext
2020-09-04 21:49:32.035 [main] WARN  org.springframework.boot.context.embedded.AnnotationConfigEmbeddedWebApplicationContext - Exception encountered during context initialization - cancelling refresh attempt: org.springframework.beans.factory.UnsatisfiedDependencyException: Error creating bean with name 'userServiceImpl' defined in file [F:\ideaProject\hoki-shop-parent\hoki-shop-member\target\classes\com\hoki\api\service\impl\UserServiceImpl.class]: Unsatisfied dependency expressed through constructor parameter 0; nested exception is org.springframework.beans.factory.UnsatisfiedDependencyException: Error creating bean with name 'userServiceManageImpl': Unsatisfied dependency expressed through field 'userDao'; nested exception is org.springframework.beans.factory.BeanCreationException: Error creating bean with name 'userDao' defined in file [F:\ideaProject\hoki-shop-parent\hoki-shop-member\target\classes\com\hoki\dao\UserDao.class]: Invocation of init method failed; nested exception is java.lang.IllegalArgumentException: Property 'sqlSessionFactory' or 'sqlSessionTemplate' are required
2020-09-04 21:49:32.041 [main] INFO  org.apache.catalina.core.StandardService - Stopping service Tomcat
2020-09-04 21:49:32.093 [main] ERROR org.springframework.boot.SpringApplication - Application startup failed
org.springframework.beans.factory.UnsatisfiedDependencyException: Error creating bean with name 'userServiceImpl' defined in file [F:\ideaProject\hoki-shop-parent\hoki-shop-member\target\classes\com\hoki\api\service\impl\UserServiceImpl.class]: Unsatisfied dependency expressed through constructor parameter 0; nested exception is org.springframework.beans.factory.UnsatisfiedDependencyException: Error creating bean with name 'userServiceManageImpl': Unsatisfied dependency expressed through field 'userDao'; nested exception is org.springframework.beans.factory.BeanCreationException: Error creating bean with name 'userDao' defined in file [F:\ideaProject\hoki-shop-parent\hoki-shop-member\target\classes\com\hoki\dao\UserDao.class]: Invocation of init method failed; nested exception is java.lang.IllegalArgumentException: Property 'sqlSessionFactory' or 'sqlSessionTemplate' are required
	at org.springframework.beans.factory.support.ConstructorResolver.createArgumentArray(ConstructorResolver.java:749)
	at org.springframework.beans.factory.support.ConstructorResolver.autowireConstructor(ConstructorResolver.java:189)
	at org.springframework.beans.factory.support.AbstractAutowireCapableBeanFactory.autowireConstructor(AbstractAutowireCapableBeanFactory.java:1193)
	at org.springframework.beans.factory.support.AbstractAutowireCapableBeanFactory.createBeanInstance(AbstractAutowireCapableBeanFactory.java:1095)
	at org.springframework.beans.factory.support.AbstractAutowireCapableBeanFactory.doCreateBean(AbstractAutowireCapableBeanFactory.java:513)
	at org.springframework.beans.factory.support.AbstractAutowireCapableBeanFactory.createBean(AbstractAutowireCapableBeanFactory.java:483)
	at org.springframework.beans.factory.support.AbstractBeanFactory$1.getObject(AbstractBeanFactory.java:306)
	at org.springframework.beans.factory.support.DefaultSingletonBeanRegistry.getSingleton(DefaultSingletonBeanRegistry.java:230)
	at org.springframework.beans.factory.support.AbstractBeanFactory.doGetBean(AbstractBeanFactory.java:302)
	at org.springframework.beans.factory.support.AbstractBeanFactory.getBean(AbstractBeanFactory.java:197)
	at org.springframework.beans.factory.support.DefaultListableBeanFactory.preInstantiateSingletons(DefaultListableBeanFactory.java:761)
	at org.springframework.context.support.AbstractApplicationContext.finishBeanFactoryInitialization(AbstractApplicationContext.java:866)
	at org.springframework.context.support.AbstractApplicationContext.refresh(AbstractApplicationContext.java:542)
	at org.springframework.boot.context.embedded.EmbeddedWebApplicationContext.refresh(EmbeddedWebApplicationContext.java:122)
	at org.springframework.boot.SpringApplication.refresh(SpringApplication.java:737)
	at org.springframework.boot.SpringApplication.refreshContext(SpringApplication.java:370)
	at org.springframework.boot.SpringApplication.run(SpringApplication.java:314)
	at org.springframework.boot.SpringApplication.run(SpringApplication.java:1162)
	at org.springframework.boot.SpringApplication.run(SpringApplication.java:1151)
	at com.hoki.MemberServer.main(MemberServer.java:21)
Caused by: org.springframework.beans.factory.UnsatisfiedDependencyException: Error creating bean with name 'userServiceManageImpl': Unsatisfied dependency expressed through field 'userDao'; nested exception is org.springframework.beans.factory.BeanCreationException: Error creating bean with name 'userDao' defined in file [F:\ideaProject\hoki-shop-parent\hoki-shop-member\target\classes\com\hoki\dao\UserDao.class]: Invocation of init method failed; nested exception is java.lang.IllegalArgumentException: Property 'sqlSessionFactory' or 'sqlSessionTemplate' are required
	at org.springframework.beans.factory.annotation.AutowiredAnnotationBeanPostProcessor$AutowiredFieldElement.inject(AutowiredAnnotationBeanPostProcessor.java:588)
	at org.springframework.beans.factory.annotation.InjectionMetadata.inject(InjectionMetadata.java:88)
	at org.springframework.beans.factory.annotation.AutowiredAnnotationBeanPostProcessor.postProcessPropertyValues(AutowiredAnnotationBeanPostProcessor.java:366)
	at org.springframework.beans.factory.support.AbstractAutowireCapableBeanFactory.populateBean(AbstractAutowireCapableBeanFactory.java:1264)
	at org.springframework.beans.factory.support.AbstractAutowireCapableBeanFactory.doCreateBean(AbstractAutowireCapableBeanFactory.java:553)
	at org.springframework.beans.factory.support.AbstractAutowireCapableBeanFactory.createBean(AbstractAutowireCapableBeanFactory.java:483)
	at org.springframework.beans.factory.support.AbstractBeanFactory$1.getObject(AbstractBeanFactory.java:306)
	at org.springframework.beans.factory.support.DefaultSingletonBeanRegistry.getSingleton(DefaultSingletonBeanRegistry.java:230)
	at org.springframework.beans.factory.support.AbstractBeanFactory.doGetBean(AbstractBeanFactory.java:302)
	at org.springframework.beans.factory.support.AbstractBeanFactory.getBean(AbstractBeanFactory.java:202)
	at org.springframework.beans.factory.config.DependencyDescriptor.resolveCandidate(DependencyDescriptor.java:208)
	at org.springframework.beans.factory.support.DefaultListableBeanFactory.doResolveDependency(DefaultListableBeanFactory.java:1138)
	at org.springframework.beans.factory.support.DefaultListableBeanFactory.resolveDependency(DefaultListableBeanFactory.java:1066)
	at org.springframework.beans.factory.support.ConstructorResolver.resolveAutowiredArgument(ConstructorResolver.java:835)
	at org.springframework.beans.factory.support.ConstructorResolver.createArgumentArray(ConstructorResolver.java:741)
	... 19 common frames omitted
Caused by: org.springframework.beans.factory.BeanCreationException: Error creating bean with name 'userDao' defined in file [F:\ideaProject\hoki-shop-parent\hoki-shop-member\target\classes\com\hoki\dao\UserDao.class]: Invocation of init method failed; nested exception is java.lang.IllegalArgumentException: Property 'sqlSessionFactory' or 'sqlSessionTemplate' are required
	at org.springframework.beans.factory.support.AbstractAutowireCapableBeanFactory.initializeBean(AbstractAutowireCapableBeanFactory.java:1628)
	at org.springframework.beans.factory.support.AbstractAutowireCapableBeanFactory.doCreateBean(AbstractAutowireCapableBeanFactory.java:555)
	at org.springframework.beans.factory.support.AbstractAutowireCapableBeanFactory.createBean(AbstractAutowireCapableBeanFactory.java:483)
	at org.springframework.beans.factory.support.AbstractBeanFactory$1.getObject(AbstractBeanFactory.java:306)
	at org.springframework.beans.factory.support.DefaultSingletonBeanRegistry.getSingleton(DefaultSingletonBeanRegistry.java:230)
	at org.springframework.beans.factory.support.AbstractBeanFactory.doGetBean(AbstractBeanFactory.java:302)
	at org.springframework.beans.factory.support.AbstractBeanFactory.getBean(AbstractBeanFactory.java:202)
	at org.springframework.beans.factory.config.DependencyDescriptor.resolveCandidate(DependencyDescriptor.java:208)
	at org.springframework.beans.factory.support.DefaultListableBeanFactory.doResolveDependency(DefaultListableBeanFactory.java:1138)
	at org.springframework.beans.factory.support.DefaultListableBeanFactory.resolveDependency(DefaultListableBeanFactory.java:1066)
	at org.springframework.beans.factory.annotation.AutowiredAnnotationBeanPostProcessor$AutowiredFieldElement.inject(AutowiredAnnotationBeanPostProcessor.java:585)
	... 33 common frames omitted
Caused by: java.lang.IllegalArgumentException: Property 'sqlSessionFactory' or 'sqlSessionTemplate' are required
	at org.springframework.util.Assert.notNull(Assert.java:134)
	at org.mybatis.spring.support.SqlSessionDaoSupport.checkDaoConfig(SqlSessionDaoSupport.java:74)
	at org.mybatis.spring.mapper.MapperFactoryBean.checkDaoConfig(MapperFactoryBean.java:73)
	at org.springframework.dao.support.DaoSupport.afterPropertiesSet(DaoSupport.java:44)
	at org.springframework.beans.factory.support.AbstractAutowireCapableBeanFactory.invokeInitMethods(AbstractAutowireCapableBeanFactory.java:1687)
	at org.springframework.beans.factory.support.AbstractAutowireCapableBeanFactory.initializeBean(AbstractAutowireCapableBeanFactory.java:1624)
	... 43 common frames omitted
2020-09-04 21:50:18.981 [main] INFO  com.hoki.MemberServer - No active profile set, falling back to default profiles: default
2020-09-04 21:50:22.258 [main] INFO  org.apache.catalina.core.StandardService - Starting service Tomcat
2020-09-04 21:50:22.259 [main] INFO  org.apache.catalina.core.StandardEngine - Starting Servlet Engine: Apache Tomcat/8.5.14
2020-09-04 21:50:22.491 [localhost-startStop-1] INFO  org.apache.catalina.core.ContainerBase.[Tomcat].[localhost].[/] - Initializing Spring embedded WebApplicationContext
2020-09-04 21:50:23.291 [main] WARN  org.springframework.boot.context.embedded.AnnotationConfigEmbeddedWebApplicationContext - Exception encountered during context initialization - cancelling refresh attempt: org.springframework.beans.factory.UnsatisfiedDependencyException: Error creating bean with name 'userServiceImpl' defined in file [F:\ideaProject\hoki-shop-parent\hoki-shop-member\target\classes\com\hoki\api\service\impl\UserServiceImpl.class]: Unsatisfied dependency expressed through constructor parameter 0; nested exception is org.springframework.beans.factory.BeanCreationException: Error creating bean with name 'userServiceManage' defined in file [F:\ideaProject\hoki-shop-parent\hoki-shop-member\target\classes\com\hoki\manage\UserServiceManage.class]: Invocation of init method failed; nested exception is java.lang.IllegalArgumentException: Property 'sqlSessionFactory' or 'sqlSessionTemplate' are required
2020-09-04 21:50:23.296 [main] INFO  org.apache.catalina.core.StandardService - Stopping service Tomcat
2020-09-04 21:50:23.364 [main] ERROR org.springframework.boot.SpringApplication - Application startup failed
org.springframework.beans.factory.UnsatisfiedDependencyException: Error creating bean with name 'userServiceImpl' defined in file [F:\ideaProject\hoki-shop-parent\hoki-shop-member\target\classes\com\hoki\api\service\impl\UserServiceImpl.class]: Unsatisfied dependency expressed through constructor parameter 0; nested exception is org.springframework.beans.factory.BeanCreationException: Error creating bean with name 'userServiceManage' defined in file [F:\ideaProject\hoki-shop-parent\hoki-shop-member\target\classes\com\hoki\manage\UserServiceManage.class]: Invocation of init method failed; nested exception is java.lang.IllegalArgumentException: Property 'sqlSessionFactory' or 'sqlSessionTemplate' are required
	at org.springframework.beans.factory.support.ConstructorResolver.createArgumentArray(ConstructorResolver.java:749)
	at org.springframework.beans.factory.support.ConstructorResolver.autowireConstructor(ConstructorResolver.java:189)
	at org.springframework.beans.factory.support.AbstractAutowireCapableBeanFactory.autowireConstructor(AbstractAutowireCapableBeanFactory.java:1193)
	at org.springframework.beans.factory.support.AbstractAutowireCapableBeanFactory.createBeanInstance(AbstractAutowireCapableBeanFactory.java:1095)
	at org.springframework.beans.factory.support.AbstractAutowireCapableBeanFactory.doCreateBean(AbstractAutowireCapableBeanFactory.java:513)
	at org.springframework.beans.factory.support.AbstractAutowireCapableBeanFactory.createBean(AbstractAutowireCapableBeanFactory.java:483)
	at org.springframework.beans.factory.support.AbstractBeanFactory$1.getObject(AbstractBeanFactory.java:306)
	at org.springframework.beans.factory.support.DefaultSingletonBeanRegistry.getSingleton(DefaultSingletonBeanRegistry.java:230)
	at org.springframework.beans.factory.support.AbstractBeanFactory.doGetBean(AbstractBeanFactory.java:302)
	at org.springframework.beans.factory.support.AbstractBeanFactory.getBean(AbstractBeanFactory.java:197)
	at org.springframework.beans.factory.support.DefaultListableBeanFactory.preInstantiateSingletons(DefaultListableBeanFactory.java:761)
	at org.springframework.context.support.AbstractApplicationContext.finishBeanFactoryInitialization(AbstractApplicationContext.java:866)
	at org.springframework.context.support.AbstractApplicationContext.refresh(AbstractApplicationContext.java:542)
	at org.springframework.boot.context.embedded.EmbeddedWebApplicationContext.refresh(EmbeddedWebApplicationContext.java:122)
	at org.springframework.boot.SpringApplication.refresh(SpringApplication.java:737)
	at org.springframework.boot.SpringApplication.refreshContext(SpringApplication.java:370)
	at org.springframework.boot.SpringApplication.run(SpringApplication.java:314)
	at org.springframework.boot.SpringApplication.run(SpringApplication.java:1162)
	at org.springframework.boot.SpringApplication.run(SpringApplication.java:1151)
	at com.hoki.MemberServer.main(MemberServer.java:21)
Caused by: org.springframework.beans.factory.BeanCreationException: Error creating bean with name 'userServiceManage' defined in file [F:\ideaProject\hoki-shop-parent\hoki-shop-member\target\classes\com\hoki\manage\UserServiceManage.class]: Invocation of init method failed; nested exception is java.lang.IllegalArgumentException: Property 'sqlSessionFactory' or 'sqlSessionTemplate' are required
	at org.springframework.beans.factory.support.AbstractAutowireCapableBeanFactory.initializeBean(AbstractAutowireCapableBeanFactory.java:1628)
	at org.springframework.beans.factory.support.AbstractAutowireCapableBeanFactory.doCreateBean(AbstractAutowireCapableBeanFactory.java:555)
	at org.springframework.beans.factory.support.AbstractAutowireCapableBeanFactory.createBean(AbstractAutowireCapableBeanFactory.java:483)
	at org.springframework.beans.factory.support.AbstractBeanFactory$1.getObject(AbstractBeanFactory.java:306)
	at org.springframework.beans.factory.support.DefaultSingletonBeanRegistry.getSingleton(DefaultSingletonBeanRegistry.java:230)
	at org.springframework.beans.factory.support.AbstractBeanFactory.doGetBean(AbstractBeanFactory.java:302)
	at org.springframework.beans.factory.support.AbstractBeanFactory.getBean(AbstractBeanFactory.java:202)
	at org.springframework.beans.factory.config.DependencyDescriptor.resolveCandidate(DependencyDescriptor.java:208)
	at org.springframework.beans.factory.support.DefaultListableBeanFactory.doResolveDependency(DefaultListableBeanFactory.java:1138)
	at org.springframework.beans.factory.support.DefaultListableBeanFactory.resolveDependency(DefaultListableBeanFactory.java:1066)
	at org.springframework.beans.factory.support.ConstructorResolver.resolveAutowiredArgument(ConstructorResolver.java:835)
	at org.springframework.beans.factory.support.ConstructorResolver.createArgumentArray(ConstructorResolver.java:741)
	... 19 common frames omitted
Caused by: java.lang.IllegalArgumentException: Property 'sqlSessionFactory' or 'sqlSessionTemplate' are required
	at org.springframework.util.Assert.notNull(Assert.java:134)
	at org.mybatis.spring.support.SqlSessionDaoSupport.checkDaoConfig(SqlSessionDaoSupport.java:74)
	at org.mybatis.spring.mapper.MapperFactoryBean.checkDaoConfig(MapperFactoryBean.java:73)
	at org.springframework.dao.support.DaoSupport.afterPropertiesSet(DaoSupport.java:44)
	at org.springframework.beans.factory.support.AbstractAutowireCapableBeanFactory.invokeInitMethods(AbstractAutowireCapableBeanFactory.java:1687)
	at org.springframework.beans.factory.support.AbstractAutowireCapableBeanFactory.initializeBean(AbstractAutowireCapableBeanFactory.java:1624)
	... 30 common frames omitted
2020-09-04 21:58:42.433 [main] INFO  com.hoki.MemberServer - No active profile set, falling back to default profiles: default
2020-09-04 21:58:45.792 [main] INFO  org.apache.catalina.core.StandardService - Starting service Tomcat
2020-09-04 21:58:45.796 [main] INFO  org.apache.catalina.core.StandardEngine - Starting Servlet Engine: Apache Tomcat/8.5.14
2020-09-04 21:58:46.082 [localhost-startStop-1] INFO  org.apache.catalina.core.ContainerBase.[Tomcat].[localhost].[/] - Initializing Spring embedded WebApplicationContext
2020-09-04 21:58:47.069 [main] WARN  org.springframework.boot.context.embedded.AnnotationConfigEmbeddedWebApplicationContext - Exception encountered during context initialization - cancelling refresh attempt: org.springframework.beans.factory.UnsatisfiedDependencyException: Error creating bean with name 'userServiceImpl' defined in file [F:\ideaProject\hoki-shop-parent\hoki-shop-member\target\classes\com\hoki\api\service\impl\UserServiceImpl.class]: Unsatisfied dependency expressed through constructor parameter 0; nested exception is org.springframework.beans.factory.BeanCreationException: Error creating bean with name 'userServiceManage' defined in file [F:\ideaProject\hoki-shop-parent\hoki-shop-member\target\classes\com\hoki\manage\UserServiceManage.class]: Invocation of init method failed; nested exception is java.lang.IllegalArgumentException: Property 'sqlSessionFactory' or 'sqlSessionTemplate' are required
2020-09-04 21:58:47.075 [main] INFO  org.apache.catalina.core.StandardService - Stopping service Tomcat
2020-09-04 21:58:47.142 [main] ERROR org.springframework.boot.SpringApplication - Application startup failed
org.springframework.beans.factory.UnsatisfiedDependencyException: Error creating bean with name 'userServiceImpl' defined in file [F:\ideaProject\hoki-shop-parent\hoki-shop-member\target\classes\com\hoki\api\service\impl\UserServiceImpl.class]: Unsatisfied dependency expressed through constructor parameter 0; nested exception is org.springframework.beans.factory.BeanCreationException: Error creating bean with name 'userServiceManage' defined in file [F:\ideaProject\hoki-shop-parent\hoki-shop-member\target\classes\com\hoki\manage\UserServiceManage.class]: Invocation of init method failed; nested exception is java.lang.IllegalArgumentException: Property 'sqlSessionFactory' or 'sqlSessionTemplate' are required
	at org.springframework.beans.factory.support.ConstructorResolver.createArgumentArray(ConstructorResolver.java:749)
	at org.springframework.beans.factory.support.ConstructorResolver.autowireConstructor(ConstructorResolver.java:189)
	at org.springframework.beans.factory.support.AbstractAutowireCapableBeanFactory.autowireConstructor(AbstractAutowireCapableBeanFactory.java:1193)
	at org.springframework.beans.factory.support.AbstractAutowireCapableBeanFactory.createBeanInstance(AbstractAutowireCapableBeanFactory.java:1095)
	at org.springframework.beans.factory.support.AbstractAutowireCapableBeanFactory.doCreateBean(AbstractAutowireCapableBeanFactory.java:513)
	at org.springframework.beans.factory.support.AbstractAutowireCapableBeanFactory.createBean(AbstractAutowireCapableBeanFactory.java:483)
	at org.springframework.beans.factory.support.AbstractBeanFactory$1.getObject(AbstractBeanFactory.java:306)
	at org.springframework.beans.factory.support.DefaultSingletonBeanRegistry.getSingleton(DefaultSingletonBeanRegistry.java:230)
	at org.springframework.beans.factory.support.AbstractBeanFactory.doGetBean(AbstractBeanFactory.java:302)
	at org.springframework.beans.factory.support.AbstractBeanFactory.getBean(AbstractBeanFactory.java:197)
	at org.springframework.beans.factory.support.DefaultListableBeanFactory.preInstantiateSingletons(DefaultListableBeanFactory.java:761)
	at org.springframework.context.support.AbstractApplicationContext.finishBeanFactoryInitialization(AbstractApplicationContext.java:866)
	at org.springframework.context.support.AbstractApplicationContext.refresh(AbstractApplicationContext.java:542)
	at org.springframework.boot.context.embedded.EmbeddedWebApplicationContext.refresh(EmbeddedWebApplicationContext.java:122)
	at org.springframework.boot.SpringApplication.refresh(SpringApplication.java:737)
	at org.springframework.boot.SpringApplication.refreshContext(SpringApplication.java:370)
	at org.springframework.boot.SpringApplication.run(SpringApplication.java:314)
	at org.springframework.boot.SpringApplication.run(SpringApplication.java:1162)
	at org.springframework.boot.SpringApplication.run(SpringApplication.java:1151)
	at com.hoki.MemberServer.main(MemberServer.java:21)
Caused by: org.springframework.beans.factory.BeanCreationException: Error creating bean with name 'userServiceManage' defined in file [F:\ideaProject\hoki-shop-parent\hoki-shop-member\target\classes\com\hoki\manage\UserServiceManage.class]: Invocation of init method failed; nested exception is java.lang.IllegalArgumentException: Property 'sqlSessionFactory' or 'sqlSessionTemplate' are required
	at org.springframework.beans.factory.support.AbstractAutowireCapableBeanFactory.initializeBean(AbstractAutowireCapableBeanFactory.java:1628)
	at org.springframework.beans.factory.support.AbstractAutowireCapableBeanFactory.doCreateBean(AbstractAutowireCapableBeanFactory.java:555)
	at org.springframework.beans.factory.support.AbstractAutowireCapableBeanFactory.createBean(AbstractAutowireCapableBeanFactory.java:483)
	at org.springframework.beans.factory.support.AbstractBeanFactory$1.getObject(AbstractBeanFactory.java:306)
	at org.springframework.beans.factory.support.DefaultSingletonBeanRegistry.getSingleton(DefaultSingletonBeanRegistry.java:230)
	at org.springframework.beans.factory.support.AbstractBeanFactory.doGetBean(AbstractBeanFactory.java:302)
	at org.springframework.beans.factory.support.AbstractBeanFactory.getBean(AbstractBeanFactory.java:202)
	at org.springframework.beans.factory.config.DependencyDescriptor.resolveCandidate(DependencyDescriptor.java:208)
	at org.springframework.beans.factory.support.DefaultListableBeanFactory.doResolveDependency(DefaultListableBeanFactory.java:1138)
	at org.springframework.beans.factory.support.DefaultListableBeanFactory.resolveDependency(DefaultListableBeanFactory.java:1066)
	at org.springframework.beans.factory.support.ConstructorResolver.resolveAutowiredArgument(ConstructorResolver.java:835)
	at org.springframework.beans.factory.support.ConstructorResolver.createArgumentArray(ConstructorResolver.java:741)
	... 19 common frames omitted
Caused by: java.lang.IllegalArgumentException: Property 'sqlSessionFactory' or 'sqlSessionTemplate' are required
	at org.springframework.util.Assert.notNull(Assert.java:134)
	at org.mybatis.spring.support.SqlSessionDaoSupport.checkDaoConfig(SqlSessionDaoSupport.java:74)
	at org.mybatis.spring.mapper.MapperFactoryBean.checkDaoConfig(MapperFactoryBean.java:73)
	at org.springframework.dao.support.DaoSupport.afterPropertiesSet(DaoSupport.java:44)
	at org.springframework.beans.factory.support.AbstractAutowireCapableBeanFactory.invokeInitMethods(AbstractAutowireCapableBeanFactory.java:1687)
	at org.springframework.beans.factory.support.AbstractAutowireCapableBeanFactory.initializeBean(AbstractAutowireCapableBeanFactory.java:1624)
	... 30 common frames omitted
